Arguments: 
  C:\Program Files\nodejs\node.exe C:\Users\abc\AppData\Roaming\npm\node_modules\yarn\bin\yarn.js add npm install --save-dev @nomiclabs/hardhat-waffle 'ethereum-waffle@3.0.0' @nomiclabs/hardhat-ethers 'ethers@5.0.0'

PATH: 
  C:\Windows\system32;C:\Windows;C:\Windows\System32\Wbem;C:\Windows\System32\WindowsPowerShell\v1.0\;C:\Windows\System32\OpenSSH\;C:\Program Files\nodejs\;C:\Program Files\Git\cmd;C:\Users\abc\AppData\Local\Microsoft\WindowsApps;;C:\Users\abc\AppData\Local\Programs\Microsoft VS Code\bin;C:\Users\abc\AppData\Roaming\npm

Yarn version: 
  1.22.19

Node version: 
  16.16.0

Platform: 
  win32 x64

Trace: 
  Error: https://registry.yarnpkg.com/%27ethereum-waffle: Not found
      at Request.params.callback [as _callback] (C:\Users\abc\AppData\Roaming\npm\node_modules\yarn\lib\cli.js:66145:18)
      at Request.self.callback (C:\Users\abc\AppData\Roaming\npm\node_modules\yarn\lib\cli.js:140890:22)
      at Request.emit (node:events:527:28)
      at Request.<anonymous> (C:\Users\abc\AppData\Roaming\npm\node_modules\yarn\lib\cli.js:141862:10)
      at Request.emit (node:events:527:28)
      at IncomingMessage.<anonymous> (C:\Users\abc\AppData\Roaming\npm\node_modules\yarn\lib\cli.js:141784:12)
      at Object.onceWrapper (node:events:641:28)
      at IncomingMessage.emit (node:events:539:35)
      at endReadableNT (node:internal/streams/readable:1345:12)
      at processTicksAndRejections (node:internal/process/task_queues:83:21)

npm manifest: 
  {
    "name": "nft-metadata-with-ipfs",
    "version": "1.0.0",
    "description": "",
    "main": "index.js",
    "scripts": {
      "test": "echo \"Error: no test specified\" && exit 1"
    },
    "keywords": [],
    "author": "",
    "license": "ISC",
    "devDependencies": {
      "hardhat": "^2.11.2"
    },
    "dependencies": {
      "@openzeppelin/contracts": "^4.7.3",
      "dotenv": "^16.0.2"
    }
  }

yarn manifest: 
  No manifest

Lockfile: 
  No lockfile
